Building DAG of jobs...
Forcing incomplete files:
	tmp
Using shell: /bin/bash
Provided cores: 4
Rules claiming more threads will be scaled down.
Job stats:
job             count
------------  -------
easy_cluster        1
pool_pdbs           1
total               2

Resources before job selection: {'_cores': 4, '_nodes': 9223372036854775807}
Ready jobs (1)
Select jobs to execute...
Using greedy selector because only single job has to be scheduled.
Selected jobs (1)
Resources after job selection: {'_cores': 3, '_nodes': 9223372036854775806}

[Thu Aug  1 18:52:07 2024]
rule pool_pdbs:
    input: /home/administrator/phd/crAss_DB/folds, /home/administrator/phd/PhagePleats/cluster_reps
    output: /home/administrator/phd/PhagePleats/pooled_pdbs
    jobid: 1
    reason: Missing output files: /home/administrator/phd/PhagePleats/pooled_pdbs
    resources: tmpdir=/tmp

[Thu Aug  1 18:52:28 2024]
Finished job 1.
1 of 2 steps (50%) done
Resources before job selection: {'_cores': 4, '_nodes': 9223372036854775807}
Ready jobs (1)
Select jobs to execute...
Using greedy selector because only single job has to be scheduled.
Selected jobs (1)
Resources after job selection: {'_cores': 3, '_nodes': 9223372036854775806}

[Thu Aug  1 18:52:28 2024]
rule easy_cluster:
    input: /home/administrator/phd/PhagePleats/pooled_pdbs, /home/administrator/phd/PhagePleats/foldseek_out
    output: tmp
    log: /home/administrator/phd/PhagePleats/logs/result_cluster.log
    jobid: 0
    reason: Forced execution
    resources: tmpdir=/tmp

[Thu Aug  1 18:52:45 2024]
Finished job 0.
2 of 2 steps (100%) done
Complete log: .snakemake/log/2024-08-01T185207.880034.snakemake.log
unlocking
removing lock
removing lock
removed all locks
