Building DAG of jobs...
File path /home/administrator/phd/PhagePleats/logs//result_cluster.log contains double '/'. This is likely unintended. It can also lead to inconsistent results of the file-matching approach used by Snakemake.
File path /home/administrator/phd/PhagePleats/logs//result_cluster.log contains double '/'. This is likely unintended. It can also lead to inconsistent results of the file-matching approach used by Snakemake.
Using shell: /bin/bash
Provided cores: 4
Rules claiming more threads will be scaled down.
Job stats:
job             count
------------  -------
easy_cluster        1
total               1

Resources before job selection: {'_cores': 4, '_nodes': 9223372036854775807}
Ready jobs (1)
Select jobs to execute...
Using greedy selector because only single job has to be scheduled.
Selected jobs (1)
Resources after job selection: {'_cores': 3, '_nodes': 9223372036854775806}

[Tue Jul 23 12:11:21 2024]
rule easy_cluster:
    input: /home/administrator/phd/PhagePleats/pooled_pdbs
    output: tmp
    log: /home/administrator/phd/PhagePleats/logs//result_cluster.log
    jobid: 0
    reason: Missing output files: tmp
    resources: tmpdir=/tmp

Full Traceback (most recent call last):
  File "/home/administrator/programs/miniforge3/envs/CaudoAuto/lib/python3.10/site-packages/snakemake/scheduler.py", line 650, in _finish_jobs
    self.get_executor(job).handle_job_success(job)
  File "/home/administrator/programs/miniforge3/envs/CaudoAuto/lib/python3.10/site-packages/snakemake/executors/__init__.py", line 730, in handle_job_success
    super().handle_job_success(job)
  File "/home/administrator/programs/miniforge3/envs/CaudoAuto/lib/python3.10/site-packages/snakemake/executors/__init__.py", line 293, in handle_job_success
    job.postprocess(
  File "/home/administrator/programs/miniforge3/envs/CaudoAuto/lib/python3.10/site-packages/snakemake/jobs.py", line 1178, in postprocess
    self.dag.check_and_touch_output(
  File "/home/administrator/programs/miniforge3/envs/CaudoAuto/lib/python3.10/site-packages/snakemake/dag.py", line 630, in check_and_touch_output
    raise ImproperOutputException(job, [f])
snakemake.exceptions.ImproperOutputException: Outputs of incorrect type (directories when expecting files or vice versa). Output directories must be flagged with directory(). for rule easy_cluster:
    output: tmp
    affected files:
        tmp

ImproperOutputException in rule easy_cluster in file /home/administrator/phd/PhagePleats/Snakefile, line 33:
Outputs of incorrect type (directories when expecting files or vice versa). Output directories must be flagged with directory(). for rule easy_cluster:
    output: tmp
    affected files:
        tmp
Removing output files of failed job easy_cluster since they might be corrupted:
tmp
Skipped removing non-empty directory tmp
Shutting down, this might take some time.
Exiting because a job execution failed. Look above for error message
Complete log: .snakemake/log/2024-07-23T121120.952575.snakemake.log
unlocking
removing lock
removing lock
removed all locks
