Building DAG of jobs...
Using shell: /bin/bash
Provided cores: 4
Rules claiming more threads will be scaled down.
Job stats:
job                  count
-----------------  -------
foldseek_createDB        1
total                    1

Select jobs to execute...

[Mon Aug  5 20:00:23 2024]
rule foldseek_createDB:
    input: /home/administrator/phd/PhagePleats/test_data
    output: /home/administrator/phd/PhagePleats_out/foldseek_out/queryDB
    jobid: 0
    reason: Missing output files: /home/administrator/phd/PhagePleats_out/foldseek_out/queryDB
    resources: tmpdir=/tmp

[Mon Aug  5 20:00:23 2024]
Finished job 0.
1 of 1 steps (100%) done
Complete log: .snakemake/log/2024-08-05T200023.475035.snakemake.log
