Building DAG of jobs...
Using shell: /bin/bash
Provided cores: 4
Rules claiming more threads will be scaled down.
Job stats:
job                  count
-----------------  -------
all                      1
run_python_script        1
total                    2

Select jobs to execute...

[Thu Sep  5 14:52:43 2024]
rule run_python_script:
    input: /home/administrator/phd/PhagePleats_out/foldseek_out/search_result.tsv, data/presence_absence_c_40_tm_30_4100.csv, data/models, /home/administrator/phd/PhagePleats_out
    output: /home/administrator/phd/PhagePleats_out/taxa_predictions.csv
    jobid: 4
    reason: Missing output files: /home/administrator/phd/PhagePleats_out/taxa_predictions.csv
    resources: tmpdir=/tmp

Terminating processes on user request, this might take some time.
Cancelling snakemake on user request.
