Building DAG of jobs...
Using shell: /bin/bash
Provided cores: 4
Rules claiming more threads will be scaled down.
Job stats:
job                  count
-----------------  -------
run_python_script        1
total                    1

Select jobs to execute...

[Wed Aug  7 11:42:46 2024]
rule run_python_script:
    input: /home/administrator/phd/PhagePleats_out/foldseek_out/search_result.tsv, data/presence_absence_c_40_tm_30_4100.csv, data/naive_bayes_classifier_Family.pkl, /home/administrator/phd/PhagePleats_out
    output: script_completed.txt
    jobid: 0
    reason: Missing output files: script_completed.txt
    resources: tmpdir=/tmp

Touching output file script_completed.txt.
[Wed Aug  7 11:42:53 2024]
Finished job 0.
1 of 1 steps (100%) done
Complete log: .snakemake/log/2024-08-07T114246.174364.snakemake.log
