Building DAG of jobs...
Using shell: /bin/bash
Provided cores: 4
Rules claiming more threads will be scaled down.
Job stats:
job                     count
--------------------  -------
all                         1
foldseek_convertalis        1
total                       2

Select jobs to execute...

[Tue Sep  3 12:25:42 2024]
rule foldseek_convertalis:
    input: data/targetDB, /home/administrator/phd/PhagePleats_out/foldseek_out/queryDB
    output: /home/administrator/phd/PhagePleats_out/foldseek_out/search_result.tsv
    jobid: 3
    reason: Missing output files: /home/administrator/phd/PhagePleats_out/foldseek_out/search_result.tsv
    resources: tmpdir=/tmp

[Tue Sep  3 12:25:42 2024]
Finished job 3.
1 of 2 steps (50%) done
Select jobs to execute...

[Tue Sep  3 12:25:42 2024]
localrule all:
    input: /home/administrator/phd/PhagePleats_out/log/foldseek_log.txt, /home/administrator/phd/PhagePleats_out/foldseek_out/search_result.tsv
    jobid: 0
    reason: Input files updated by another job: /home/administrator/phd/PhagePleats_out/foldseek_out/search_result.tsv
    resources: tmpdir=/tmp

[Tue Sep  3 12:25:42 2024]
Finished job 0.
2 of 2 steps (100%) done
Complete log: .snakemake/log/2024-09-03T122542.215910.snakemake.log
