Building DAG of jobs...
File path /home/administrator/phd/PhagePleats/logs//result_cluster.log contains double '/'. This is likely unintended. It can also lead to inconsistent results of the file-matching approach used by Snakemake.
Full Traceback (most recent call last):
  File "/home/administrator/programs/miniforge3/envs/CaudoAuto/lib/python3.10/site-packages/snakemake/__init__.py", line 792, in snakemake
    success = workflow.execute(
  File "/home/administrator/programs/miniforge3/envs/CaudoAuto/lib/python3.10/site-packages/snakemake/workflow.py", line 895, in execute
    dag.init()
  File "/home/administrator/programs/miniforge3/envs/CaudoAuto/lib/python3.10/site-packages/snakemake/dag.py", line 218, in init
    job = self.update(
  File "/home/administrator/programs/miniforge3/envs/CaudoAuto/lib/python3.10/site-packages/snakemake/dag.py", line 927, in update
    raise exceptions[0]
  File "/home/administrator/programs/miniforge3/envs/CaudoAuto/lib/python3.10/site-packages/snakemake/dag.py", line 885, in update
    self.update_(
  File "/home/administrator/programs/miniforge3/envs/CaudoAuto/lib/python3.10/site-packages/snakemake/dag.py", line 1046, in update_
    raise MissingInputException(job, missing_input)
snakemake.exceptions.MissingInputException: Missing input files for rule easy_cluster:
    output: tmp
    affected files:
        /home/administrator/phd/PhagePleats/foldseek_out

MissingInputException in rule easy_cluster in file /home/administrator/phd/PhagePleats/Snakefile, line 33:
Missing input files for rule easy_cluster:
    output: tmp
    affected files:
        /home/administrator/phd/PhagePleats/foldseek_out
unlocking
removed all locks
