Building DAG of jobs...
Using shell: /bin/bash
Provided cores: 4
Rules claiming more threads will be scaled down.
Job stats:
job                  count
-----------------  -------
all                      1
run_python_script        1
total                    2

Select jobs to execute...

[Tue Sep  3 14:16:05 2024]
rule run_python_script:
    input: /home/administrator/phd/PhagePleats_out/foldseek_out/search_result.tsv, data/presence_absence_c_40_tm_30_4100.csv, data/models, /home/administrator/phd/PhagePleats_out
    output: /home/administrator/phd/PhagePleats_out/taxa_predictions.csv
    jobid: 4
    reason: Missing output files: /home/administrator/phd/PhagePleats_out/taxa_predictions.csv
    resources: tmpdir=/tmp

[Tue Sep  3 14:17:05 2024]
Finished job 4.
1 of 2 steps (50%) done
Select jobs to execute...

[Tue Sep  3 14:17:05 2024]
localrule all:
    input: /home/administrator/phd/PhagePleats_out/log/foldseek_log.txt, /home/administrator/phd/PhagePleats_out/foldseek_out/search_result.tsv, /home/administrator/phd/PhagePleats_out/taxa_predictions.csv
    jobid: 0
    reason: Input files updated by another job: /home/administrator/phd/PhagePleats_out/taxa_predictions.csv
    resources: tmpdir=/tmp

[Tue Sep  3 14:17:05 2024]
Finished job 0.
2 of 2 steps (100%) done
Complete log: .snakemake/log/2024-09-03T141605.514664.snakemake.log
