The flag 'touch' used in rule all is only valid for outputs, not inputs.
Building DAG of jobs...
Using shell: /bin/bash
Provided cores: 4
Rules claiming more threads will be scaled down.
Job stats:
job                  count
-----------------  -------
foldseek_createDB        1
total                    1

Select jobs to execute...

[Tue Sep  3 11:55:49 2024]
rule foldseek_createDB:
    input: /home/administrator/phd/soil_2024/circular_irish_L001_2_3_4_folds
    output: /home/administrator/phd/PhagePleats_out/foldseek_out/queryDB
    jobid: 0
    reason: Updated input files: /home/administrator/phd/soil_2024/circular_irish_L001_2_3_4_folds
    resources: tmpdir=/tmp

[Tue Sep  3 11:55:50 2024]
Finished job 0.
1 of 1 steps (100%) done
Complete log: .snakemake/log/2024-09-03T115549.095082.snakemake.log
