Building DAG of jobs...
Using shell: /bin/bash
Provided cores: 4
Rules claiming more threads will be scaled down.
Job stats:
job                     count
--------------------  -------
foldseek_convertalis        1
total                       1

Select jobs to execute...

[Mon Aug  5 20:08:54 2024]
rule foldseek_convertalis:
    input: data/targetDB, /home/administrator/phd/PhagePleats_out/foldseek_out/queryDB, /home/administrator/phd/PhagePleats_out/foldseek_out/aln.dbtype
    output: /home/administrator/phd/PhagePleats_out/foldseek_out/search_result.tsv
    jobid: 0
    reason: Forced execution
    resources: tmpdir=/tmp

[Mon Aug  5 20:08:54 2024]
Error in rule foldseek_convertalis:
    jobid: 0
    input: data/targetDB, /home/administrator/phd/PhagePleats_out/foldseek_out/queryDB, /home/administrator/phd/PhagePleats_out/foldseek_out/aln.dbtype
    output: /home/administrator/phd/PhagePleats_out/foldseek_out/search_result.tsv
    shell:
        
        foldseek convertalis /home/administrator/phd/PhagePleats_out/foldseek_out/queryDB data/targetDB /home/administrator/phd/PhagePleats_out/foldseek_out/aln.dbtype foldseek_out_dir/search_result.tsv
        
        (one of the commands exited with non-zero exit code; note that snakemake uses bash strict mode!)

Shutting down, this might take some time.
Exiting because a job execution failed. Look above for error message
Complete log: .snakemake/log/2024-08-05T200854.392212.snakemake.log
