Building DAG of jobs...
Using shell: /bin/bash
Provided cores: 4
Rules claiming more threads will be scaled down.
Job stats:
job                     count
--------------------  -------
foldseek_convertalis        1
total                       1

Select jobs to execute...

[Mon Aug  5 20:46:39 2024]
rule foldseek_convertalis:
    input: data/targetDB, /home/administrator/phd/PhagePleats_out/foldseek_out/queryDB, /home/administrator/phd/PhagePleats_out/foldseek_out
    output: /home/administrator/phd/PhagePleats_out/foldseek_out/search_result.tsv
    jobid: 0
    reason: Forced execution
    resources: tmpdir=/tmp

RuleException in rule foldseek_convertalis in file /home/administrator/phd/PhagePleats/Snakefile, line 66:
AttributeError: 'InputFiles' object has no attribute 'aln/*', when formatting the following:

        foldseek convertalis {input.queryDB} {input.aln/*} {input.aln} {output}
        
