Building DAG of jobs...
Using shell: /bin/bash
Provided cores: 4
Rules claiming more threads will be scaled down.
Job stats:
job                count
---------------  -------
foldseek_search        1
total                  1

Select jobs to execute...

[Tue Aug  6 14:22:25 2024]
rule foldseek_search:
    input: data/targetDB, /home/administrator/phd/PhagePleats_out/foldseek_out/queryDB
    output: aln.dbtype
    jobid: 0
    reason: Forced execution
    resources: tmpdir=/tmp

[Tue Aug  6 14:22:30 2024]
Finished job 0.
1 of 1 steps (100%) done
Complete log: .snakemake/log/2024-08-06T142225.359578.snakemake.log
