Building DAG of jobs...
Using shell: /bin/bash
Provided cores: 4
Rules claiming more threads will be scaled down.
Job stats:
job                     count
--------------------  -------
foldseek_convertalis        1
total                       1

Select jobs to execute...

[Tue Aug  6 14:19:09 2024]
rule foldseek_convertalis:
    input: data/targetDB, /home/administrator/phd/PhagePleats_out/foldseek_out/queryDB
    output: /home/administrator/phd/PhagePleats_out/foldseek_out/search_result.tsv
    jobid: 0
    reason: Forced execution
    resources: tmpdir=/tmp

Shutting down, this might take some time.
Exiting because a job execution failed. Look above for error message
Complete log: .snakemake/log/2024-08-06T141909.270191.snakemake.log
