Building DAG of jobs...
Using shell: /bin/bash
Provided cores: 4
Rules claiming more threads will be scaled down.
Job stats:
job                  count
-----------------  -------
all                      1
run_python_script        1
total                    2

Select jobs to execute...

[Thu Sep  5 11:09:56 2024]
rule run_python_script:
    input: /home/administrator/phd/PhagePleats_out/foldseek_out/search_result.tsv, data/presence_absence_c_40_tm_30_4100.csv, data/models, /home/administrator/phd/PhagePleats_out
    output: /home/administrator/phd/PhagePleats_out/taxa_predictions.csv
    jobid: 4
    reason: Missing output files: /home/administrator/phd/PhagePleats_out/taxa_predictions.csv
    resources: tmpdir=/tmp

Terminating processes on user request, this might take some time.
[Thu Sep  5 11:11:53 2024]
Error in rule run_python_script:
    jobid: 4
    input: /home/administrator/phd/PhagePleats_out/foldseek_out/search_result.tsv, data/presence_absence_c_40_tm_30_4100.csv, data/models, /home/administrator/phd/PhagePleats_out
    output: /home/administrator/phd/PhagePleats_out/taxa_predictions.csv

RuleException:
CalledProcessError in file /home/administrator/phd/PhagePleats/Snakefile, line 96:
Command 'mkdir -p /home/administrator/phd/PhagePleats_out &&  /home/administrator/programs/miniforge3/envs/CaudoAuto/bin/python3.10 /home/administrator/phd/PhagePleats/.snakemake/scripts/tmp8nkyng9c.phagepleats.py' died with <Signals.SIGINT: 2>.
  File "/home/administrator/phd/PhagePleats/Snakefile", line 96, in __rule_run_python_script
  File "/home/administrator/programs/miniforge3/envs/CaudoAuto/lib/python3.10/concurrent/futures/thread.py", line 58, in run
Complete log: .snakemake/log/2024-09-05T110956.853363.snakemake.log
