Building DAG of jobs...
Using shell: /bin/bash
Provided cores: 4
Rules claiming more threads will be scaled down.
Job stats:
job                     count
--------------------  -------
foldseek_convertalis        1
total                       1

Select jobs to execute...

[Mon Aug  5 20:18:25 2024]
rule foldseek_convertalis:
    input: data/targetDB, /home/administrator/phd/PhagePleats_out/foldseek_out/queryDB, /home/administrator/phd/PhagePleats_out/foldseek_out/aln.9, /home/administrator/phd/PhagePleats_out/foldseek_out/aln.3, /home/administrator/phd/PhagePleats_out/foldseek_out/aln.7, /home/administrator/phd/PhagePleats_out/foldseek_out/aln.14, /home/administrator/phd/PhagePleats_out/foldseek_out/aln.8, /home/administrator/phd/PhagePleats_out/foldseek_out/aln.2, /home/administrator/phd/PhagePleats_out/foldseek_out/aln.19, /home/administrator/phd/PhagePleats_out/foldseek_out/aln.17, /home/administrator/phd/PhagePleats_out/foldseek_out/aln.11, /home/administrator/phd/PhagePleats_out/foldseek_out/aln.23, /home/administrator/phd/PhagePleats_out/foldseek_out/aln.20, /home/administrator/phd/PhagePleats_out/foldseek_out/aln.10, /home/administrator/phd/PhagePleats_out/foldseek_out/aln.22, /home/administrator/phd/PhagePleats_out/foldseek_out/aln.4, /home/administrator/phd/PhagePleats_out/foldseek_out/aln.index, /home/administrator/phd/PhagePleats_out/foldseek_out/aln.1, /home/administrator/phd/PhagePleats_out/foldseek_out/aln.5, /home/administrator/phd/PhagePleats_out/foldseek_out/aln.16, /home/administrator/phd/PhagePleats_out/foldseek_out/aln.13, /home/administrator/phd/PhagePleats_out/foldseek_out/aln.dbtype, /home/administrator/phd/PhagePleats_out/foldseek_out/aln.0, /home/administrator/phd/PhagePleats_out/foldseek_out/aln.18, /home/administrator/phd/PhagePleats_out/foldseek_out/aln.12, /home/administrator/phd/PhagePleats_out/foldseek_out/aln.21, /home/administrator/phd/PhagePleats_out/foldseek_out/aln.6, /home/administrator/phd/PhagePleats_out/foldseek_out/aln.15
    output: /home/administrator/phd/PhagePleats_out/foldseek_out/search_result.tsv
    jobid: 0
    reason: Forced execution
    resources: tmpdir=/tmp

[Mon Aug  5 20:18:25 2024]
Error in rule foldseek_convertalis:
    jobid: 0
    input: data/targetDB, /home/administrator/phd/PhagePleats_out/foldseek_out/queryDB, /home/administrator/phd/PhagePleats_out/foldseek_out/aln.9, /home/administrator/phd/PhagePleats_out/foldseek_out/aln.3, /home/administrator/phd/PhagePleats_out/foldseek_out/aln.7, /home/administrator/phd/PhagePleats_out/foldseek_out/aln.14, /home/administrator/phd/PhagePleats_out/foldseek_out/aln.8, /home/administrator/phd/PhagePleats_out/foldseek_out/aln.2, /home/administrator/phd/PhagePleats_out/foldseek_out/aln.19, /home/administrator/phd/PhagePleats_out/foldseek_out/aln.17, /home/administrator/phd/PhagePleats_out/foldseek_out/aln.11, /home/administrator/phd/PhagePleats_out/foldseek_out/aln.23, /home/administrator/phd/PhagePleats_out/foldseek_out/aln.20, /home/administrator/phd/PhagePleats_out/foldseek_out/aln.10, /home/administrator/phd/PhagePleats_out/foldseek_out/aln.22, /home/administrator/phd/PhagePleats_out/foldseek_out/aln.4, /home/administrator/phd/PhagePleats_out/foldseek_out/aln.index, /home/administrator/phd/PhagePleats_out/foldseek_out/aln.1, /home/administrator/phd/PhagePleats_out/foldseek_out/aln.5, /home/administrator/phd/PhagePleats_out/foldseek_out/aln.16, /home/administrator/phd/PhagePleats_out/foldseek_out/aln.13, /home/administrator/phd/PhagePleats_out/foldseek_out/aln.dbtype, /home/administrator/phd/PhagePleats_out/foldseek_out/aln.0, /home/administrator/phd/PhagePleats_out/foldseek_out/aln.18, /home/administrator/phd/PhagePleats_out/foldseek_out/aln.12, /home/administrator/phd/PhagePleats_out/foldseek_out/aln.21, /home/administrator/phd/PhagePleats_out/foldseek_out/aln.6, /home/administrator/phd/PhagePleats_out/foldseek_out/aln.15
    output: /home/administrator/phd/PhagePleats_out/foldseek_out/search_result.tsv
    shell:
        
        foldseek convertalis /home/administrator/phd/PhagePleats_out/foldseek_out/queryDB data/targetDB /home/administrator/phd/PhagePleats_out/foldseek_out/aln.9 /home/administrator/phd/PhagePleats_out/foldseek_out/aln.3 /home/administrator/phd/PhagePleats_out/foldseek_out/aln.7 /home/administrator/phd/PhagePleats_out/foldseek_out/aln.14 /home/administrator/phd/PhagePleats_out/foldseek_out/aln.8 /home/administrator/phd/PhagePleats_out/foldseek_out/aln.2 /home/administrator/phd/PhagePleats_out/foldseek_out/aln.19 /home/administrator/phd/PhagePleats_out/foldseek_out/aln.17 /home/administrator/phd/PhagePleats_out/foldseek_out/aln.11 /home/administrator/phd/PhagePleats_out/foldseek_out/aln.23 /home/administrator/phd/PhagePleats_out/foldseek_out/aln.20 /home/administrator/phd/PhagePleats_out/foldseek_out/aln.10 /home/administrator/phd/PhagePleats_out/foldseek_out/aln.22 /home/administrator/phd/PhagePleats_out/foldseek_out/aln.4 /home/administrator/phd/PhagePleats_out/foldseek_out/aln.index /home/administrator/phd/PhagePleats_out/foldseek_out/aln.1 /home/administrator/phd/PhagePleats_out/foldseek_out/aln.5 /home/administrator/phd/PhagePleats_out/foldseek_out/aln.16 /home/administrator/phd/PhagePleats_out/foldseek_out/aln.13 /home/administrator/phd/PhagePleats_out/foldseek_out/aln.dbtype /home/administrator/phd/PhagePleats_out/foldseek_out/aln.0 /home/administrator/phd/PhagePleats_out/foldseek_out/aln.18 /home/administrator/phd/PhagePleats_out/foldseek_out/aln.12 /home/administrator/phd/PhagePleats_out/foldseek_out/aln.21 /home/administrator/phd/PhagePleats_out/foldseek_out/aln.6 /home/administrator/phd/PhagePleats_out/foldseek_out/aln.15 /home/administrator/phd/PhagePleats_out/foldseek_out/search_result.tsv
        
        (one of the commands exited with non-zero exit code; note that snakemake uses bash strict mode!)

Shutting down, this might take some time.
Exiting because a job execution failed. Look above for error message
Complete log: .snakemake/log/2024-08-05T201824.949049.snakemake.log
