Building DAG of jobs...
Using shell: /bin/bash
Provided cores: 4
Rules claiming more threads will be scaled down.
Job stats:
job                     count
--------------------  -------
foldseek_convertalis        1
foldseek_createDB           1
total                       2

Select jobs to execute...

[Tue Aug  6 14:20:37 2024]
rule foldseek_createDB:
    input: /home/administrator/phd/PhagePleats/test_data
    output: /home/administrator/phd/PhagePleats_out/foldseek_out/queryDB
    jobid: 1
    reason: Missing output files: /home/administrator/phd/PhagePleats_out/foldseek_out/queryDB
    resources: tmpdir=/tmp

[Tue Aug  6 14:20:37 2024]
Finished job 1.
1 of 2 steps (50%) done
Select jobs to execute...

[Tue Aug  6 14:20:37 2024]
rule foldseek_convertalis:
    input: data/targetDB, /home/administrator/phd/PhagePleats_out/foldseek_out/queryDB
    output: /home/administrator/phd/PhagePleats_out/foldseek_out/search_result.tsv
    jobid: 0
    reason: Forced execution
    resources: tmpdir=/tmp

[Tue Aug  6 14:20:37 2024]
Error in rule foldseek_convertalis:
    jobid: 0
    input: data/targetDB, /home/administrator/phd/PhagePleats_out/foldseek_out/queryDB
    output: /home/administrator/phd/PhagePleats_out/foldseek_out/search_result.tsv
    shell:
        
        foldseek convertalis /home/administrator/phd/PhagePleats_out/foldseek_out/queryDB data/targetDB aln /home/administrator/phd/PhagePleats_out/foldseek_out/search_result.tsv
        
        (one of the commands exited with non-zero exit code; note that snakemake uses bash strict mode!)

Shutting down, this might take some time.
Exiting because a job execution failed. Look above for error message
Complete log: .snakemake/log/2024-08-06T142037.422324.snakemake.log
