Building DAG of jobs...
Using shell: /bin/bash
Provided cores: 4
Rules claiming more threads will be scaled down.
Job stats:
job                     count
--------------------  -------
all                         1
foldseek_convertalis        1
foldseek_createDB           1
foldseek_search             1
run_python_script           1
total                       5

Select jobs to execute...

[Mon Apr 14 13:29:10 2025]
rule foldseek_createDB:
    input: /home/administrator/phd/77_test_phages/fabian_phages/pdbs
    output: /home/administrator/phd/PhagePleats_out_14:04:25_13:29/foldseek_out/queryDB
    log: /home/administrator/phd/PhagePleats_out_14:04:25_13:29/log/foldseek_createDB.log
    jobid: 2
    reason: Missing output files: /home/administrator/phd/PhagePleats_out_14:04:25_13:29/foldseek_out/queryDB
    resources: tmpdir=/tmp

[Mon Apr 14 13:29:12 2025]
Finished job 2.
1 of 5 steps (20%) done
Select jobs to execute...

[Mon Apr 14 13:29:12 2025]
checkpoint foldseek_search:
    input: /home/administrator/phd/PhagePleats_out_14:04:25_13:29/foldseek_out/queryDB, data/targetDB
    output: alignments
    log: /home/administrator/phd/PhagePleats_out_14:04:25_13:29/log/foldseek_search.log
    jobid: 3
    reason: Missing output files: alignments; Input files updated by another job: /home/administrator/phd/PhagePleats_out_14:04:25_13:29/foldseek_out/queryDB
    resources: tmpdir=/tmp
DAG of jobs will be updated after completion.

[Mon Apr 14 13:30:49 2025]
Finished job 3.
2 of 5 steps (40%) done
Select jobs to execute...

[Mon Apr 14 13:30:49 2025]
rule foldseek_convertalis:
    input: /home/administrator/phd/PhagePleats_out_14:04:25_13:29/foldseek_out/queryDB, data/targetDB, alignments/aln.9, alignments/aln.3, alignments/aln.7, alignments/aln.14, alignments/aln.8, alignments/aln.2, alignments/aln.19, alignments/aln.17, alignments/aln.11, alignments/aln.23, alignments/aln.20, alignments/aln.10, alignments/aln.22, alignments/aln.4, alignments/aln.index, alignments/aln.1, alignments/aln.5, alignments/aln.16, alignments/aln.13, alignments/aln.dbtype, alignments/aln.0, alignments/aln.18, alignments/aln.12, alignments/aln.21, alignments/aln.6, alignments/aln.15
    output: /home/administrator/phd/PhagePleats_out_14:04:25_13:29/foldseek_out/search_result.tsv
    log: /home/administrator/phd/PhagePleats_out_14:04:25_13:29/log/foldseek_log.txt
    jobid: 1
    reason: Missing output files: /home/administrator/phd/PhagePleats_out_14:04:25_13:29/foldseek_out/search_result.tsv
    resources: tmpdir=/tmp

[Mon Apr 14 13:30:49 2025]
Finished job 1.
3 of 5 steps (60%) done
Select jobs to execute...

[Mon Apr 14 13:30:49 2025]
rule run_python_script:
    input: /home/administrator/phd/PhagePleats_out_14:04:25_13:29/foldseek_out/search_result.tsv, /home/administrator/phd/77_test_phages/fabian_phages/protein_metadata.csv, data/presence_absence_4064_HSV1_outgroup.csv, data/models, /home/administrator/phd/PhagePleats_out_14:04:25_13:29
    output: /home/administrator/phd/PhagePleats_out_14:04:25_13:29/taxa_predictions.csv, /home/administrator/phd/PhagePleats_out_14:04:25_13:29/eucl_distances.csv
    jobid: 4
    reason: Missing output files: /home/administrator/phd/PhagePleats_out_14:04:25_13:29/eucl_distances.csv, /home/administrator/phd/PhagePleats_out_14:04:25_13:29/taxa_predictions.csv; Input files updated by another job: /home/administrator/phd/PhagePleats_out_14:04:25_13:29/foldseek_out/search_result.tsv
    resources: tmpdir=/tmp

[Mon Apr 14 13:32:53 2025]
Finished job 4.
4 of 5 steps (80%) done
Select jobs to execute...

[Mon Apr 14 13:32:53 2025]
localrule all:
    input: /home/administrator/phd/PhagePleats_out_14:04:25_13:29/foldseek_out/search_result.tsv, /home/administrator/phd/PhagePleats_out_14:04:25_13:29/taxa_predictions.csv, /home/administrator/phd/PhagePleats_out_14:04:25_13:29/eucl_distances.csv
    jobid: 0
    reason: Input files updated by another job: /home/administrator/phd/PhagePleats_out_14:04:25_13:29/taxa_predictions.csv, /home/administrator/phd/PhagePleats_out_14:04:25_13:29/eucl_distances.csv, /home/administrator/phd/PhagePleats_out_14:04:25_13:29/foldseek_out/search_result.tsv
    resources: tmpdir=/tmp

[Mon Apr 14 13:32:53 2025]
Finished job 0.
5 of 5 steps (100%) done
Complete log: .snakemake/log/2025-04-14T132910.357255.snakemake.log
