Building DAG of jobs...
Using shell: /bin/bash
Provided cores: 4
Rules claiming more threads will be scaled down.
Job stats:
job                     count
--------------------  -------
all                         1
foldseek_convertalis        1
foldseek_createDB           1
foldseek_search             1
run_python_script           1
total                       5

Select jobs to execute...

[Tue Apr  8 10:06:49 2025]
rule foldseek_createDB:
    input: /home/administrator/phd/crAss_DB/folds
    output: /home/administrator/phd/PhagePleats_out_08:04:25/foldseek_out/queryDB
    jobid: 2
    reason: Missing output files: /home/administrator/phd/PhagePleats_out_08:04:25/foldseek_out/queryDB
    resources: tmpdir=/tmp

Terminating processes on user request, this might take some time.
[Tue Apr  8 10:07:00 2025]
Error in rule foldseek_createDB:
    jobid: 2
    input: /home/administrator/phd/crAss_DB/folds
    output: /home/administrator/phd/PhagePleats_out_08:04:25/foldseek_out/queryDB
    shell:
        
        foldseek createdb /home/administrator/phd/crAss_DB/folds /home/administrator/phd/PhagePleats_out_08:04:25/foldseek_out/queryDB --threads 10
        
        (one of the commands exited with non-zero exit code; note that snakemake uses bash strict mode!)

Complete log: .snakemake/log/2025-04-08T100649.436894.snakemake.log
