Building DAG of jobs...
Using shell: /bin/bash
Provided cores: 4
Rules claiming more threads will be scaled down.
Job stats:
job                     count
--------------------  -------
all                         1
foldseek_convertalis        1
foldseek_createDB           1
foldseek_search             1
run_python_script           1
total                       5

Select jobs to execute...

[Wed Apr 16 16:21:04 2025]
rule foldseek_createDB:
    input: /home/administrator/phd/77_test_phages/fabian_phages/pdbs
    output: /home/administrator/phd/PhagePleats_out_16:04:25_16:21/foldseek_out/queryDB
    log: /home/administrator/phd/PhagePleats_out_16:04:25_16:21/log/foldseek_createDB.log
    jobid: 2
    reason: Missing output files: /home/administrator/phd/PhagePleats_out_16:04:25_16:21/foldseek_out/queryDB
    resources: tmpdir=/tmp

[Wed Apr 16 16:21:07 2025]
Finished job 2.
1 of 5 steps (20%) done
Select jobs to execute...

[Wed Apr 16 16:21:07 2025]
checkpoint foldseek_search:
    input: /home/administrator/phd/PhagePleats_out_16:04:25_16:21/foldseek_out/queryDB, data/targetDB
    output: /home/administrator/phd/PhagePleats_out_16:04:25_16:21/alignments
    log: /home/administrator/phd/PhagePleats_out_16:04:25_16:21/log/foldseek_search.log
    jobid: 3
    reason: Missing output files: /home/administrator/phd/PhagePleats_out_16:04:25_16:21/alignments; Input files updated by another job: /home/administrator/phd/PhagePleats_out_16:04:25_16:21/foldseek_out/queryDB
    resources: tmpdir=/tmp
DAG of jobs will be updated after completion.

[Wed Apr 16 16:22:36 2025]
Finished job 3.
2 of 5 steps (40%) done
Select jobs to execute...

[Wed Apr 16 16:22:36 2025]
rule foldseek_convertalis:
    input: /home/administrator/phd/PhagePleats_out_16:04:25_16:21/foldseek_out/queryDB, data/targetDB, /home/administrator/phd/PhagePleats_out_16:04:25_16:21/alignments/aln.9, /home/administrator/phd/PhagePleats_out_16:04:25_16:21/alignments/aln.3, /home/administrator/phd/PhagePleats_out_16:04:25_16:21/alignments/aln.7, /home/administrator/phd/PhagePleats_out_16:04:25_16:21/alignments/aln.14, /home/administrator/phd/PhagePleats_out_16:04:25_16:21/alignments/aln.8, /home/administrator/phd/PhagePleats_out_16:04:25_16:21/alignments/aln.2, /home/administrator/phd/PhagePleats_out_16:04:25_16:21/alignments/aln.19, /home/administrator/phd/PhagePleats_out_16:04:25_16:21/alignments/aln.17, /home/administrator/phd/PhagePleats_out_16:04:25_16:21/alignments/aln.11, /home/administrator/phd/PhagePleats_out_16:04:25_16:21/alignments/aln.23, /home/administrator/phd/PhagePleats_out_16:04:25_16:21/alignments/aln.20, /home/administrator/phd/PhagePleats_out_16:04:25_16:21/alignments/aln.10, /home/administrator/phd/PhagePleats_out_16:04:25_16:21/alignments/aln.22, /home/administrator/phd/PhagePleats_out_16:04:25_16:21/alignments/aln.4, /home/administrator/phd/PhagePleats_out_16:04:25_16:21/alignments/aln.index, /home/administrator/phd/PhagePleats_out_16:04:25_16:21/alignments/aln.1, /home/administrator/phd/PhagePleats_out_16:04:25_16:21/alignments/aln.5, /home/administrator/phd/PhagePleats_out_16:04:25_16:21/alignments/aln.16, /home/administrator/phd/PhagePleats_out_16:04:25_16:21/alignments/aln.13, /home/administrator/phd/PhagePleats_out_16:04:25_16:21/alignments/aln.dbtype, /home/administrator/phd/PhagePleats_out_16:04:25_16:21/alignments/aln.0, /home/administrator/phd/PhagePleats_out_16:04:25_16:21/alignments/aln.18, /home/administrator/phd/PhagePleats_out_16:04:25_16:21/alignments/aln.12, /home/administrator/phd/PhagePleats_out_16:04:25_16:21/alignments/aln.21, /home/administrator/phd/PhagePleats_out_16:04:25_16:21/alignments/aln.6, /home/administrator/phd/PhagePleats_out_16:04:25_16:21/alignments/aln.15
    output: /home/administrator/phd/PhagePleats_out_16:04:25_16:21/foldseek_out/search_result.tsv
    log: /home/administrator/phd/PhagePleats_out_16:04:25_16:21/log/foldseek_convertalis.log
    jobid: 1
    reason: Missing output files: /home/administrator/phd/PhagePleats_out_16:04:25_16:21/foldseek_out/search_result.tsv
    resources: tmpdir=/tmp

[Wed Apr 16 16:22:36 2025]
Finished job 1.
3 of 5 steps (60%) done
Select jobs to execute...

[Wed Apr 16 16:22:36 2025]
rule run_python_script:
    input: /home/administrator/phd/PhagePleats_out_16:04:25_16:21/foldseek_out/search_result.tsv, /home/administrator/phd/77_test_phages/fabian_phages/new_zip/metadata_proteins.csv, data/presence_absence.csv.gz, data/models, data/taxonomy.csv, data/intra_rank_relatedness.csv, /home/administrator/phd/PhagePleats_out_16:04:25_16:21
    output: /home/administrator/phd/PhagePleats_out_16:04:25_16:21/taxa_predictions.csv, /home/administrator/phd/PhagePleats_out_16:04:25_16:21/novel_taxa_summary.csv
    jobid: 4
    reason: Missing output files: /home/administrator/phd/PhagePleats_out_16:04:25_16:21/taxa_predictions.csv, /home/administrator/phd/PhagePleats_out_16:04:25_16:21/novel_taxa_summary.csv; Input files updated by another job: /home/administrator/phd/PhagePleats_out_16:04:25_16:21/foldseek_out/search_result.tsv
    resources: tmpdir=/tmp

Terminating processes on user request, this might take some time.
[Wed Apr 16 16:25:14 2025]
Error in rule run_python_script:
    jobid: 4
    input: /home/administrator/phd/PhagePleats_out_16:04:25_16:21/foldseek_out/search_result.tsv, /home/administrator/phd/77_test_phages/fabian_phages/new_zip/metadata_proteins.csv, data/presence_absence.csv.gz, data/models, data/taxonomy.csv, data/intra_rank_relatedness.csv, /home/administrator/phd/PhagePleats_out_16:04:25_16:21
    output: /home/administrator/phd/PhagePleats_out_16:04:25_16:21/taxa_predictions.csv, /home/administrator/phd/PhagePleats_out_16:04:25_16:21/novel_taxa_summary.csv

RuleException:
CalledProcessError in file /home/administrator/phd/PhagePleats/Snakefile, line 112:
Command 'mkdir -p /home/administrator/phd/PhagePleats_out_16:04:25_16:21 &&  /home/administrator/programs/miniforge3/envs/phagepleats/bin/python3.10 /home/administrator/phd/PhagePleats/.snakemake/scripts/tmp5ka3bv1y.phagepleats2.py' died with <Signals.SIGINT: 2>.
  File "/home/administrator/phd/PhagePleats/Snakefile", line 112, in __rule_run_python_script
  File "/home/administrator/programs/miniforge3/envs/phagepleats/lib/python3.10/concurrent/futures/thread.py", line 58, in run
Complete log: .snakemake/log/2025-04-16T162104.364457.snakemake.log
