Building DAG of jobs...
Using shell: /bin/bash
Provided cores: 4
Rules claiming more threads will be scaled down.
Job stats:
job                     count
--------------------  -------
all                         1
foldseek_convertalis        1
foldseek_createDB           1
foldseek_search             1
run_python_script           1
total                       5

Select jobs to execute...

[Mon Apr 14 13:10:12 2025]
rule foldseek_createDB:
    input: /home/administrator/phd/77_test_phages/fabian_phages/pdbs
    output: /home/administrator/phd/PhagePleats_out_14:04:25_13:10/foldseek_out/queryDB
    jobid: 2
    reason: Missing output files: /home/administrator/phd/PhagePleats_out_14:04:25_13:10/foldseek_out/queryDB
    resources: tmpdir=/tmp

[Mon Apr 14 13:10:14 2025]
Finished job 2.
1 of 5 steps (20%) done
Select jobs to execute...

[Mon Apr 14 13:10:14 2025]
checkpoint foldseek_search:
    input: /home/administrator/phd/PhagePleats_out_14:04:25_13:10/foldseek_out/queryDB, data/targetDB
    output: alignments
    jobid: 3
    reason: Input files updated by another job: /home/administrator/phd/PhagePleats_out_14:04:25_13:10/foldseek_out/queryDB; Set of input files has changed since last execution
    resources: tmpdir=/tmp
DAG of jobs will be updated after completion.

[Mon Apr 14 13:11:50 2025]
Finished job 3.
2 of 5 steps (40%) done
BUG: Out of jobs ready to be started, but not all files built yet. Please check https://github.com/snakemake/snakemake/issues/823 for more information.
Remaining jobs:
 - foldseek_convertalis: /home/administrator/phd/PhagePleats_out_14:04:25_13:10/foldseek_out/search_result.tsv
 - run_python_script: /home/administrator/phd/PhagePleats_out_14:04:25_13:10/taxa_predictions.csv, /home/administrator/phd/PhagePleats_out_14:04:25_13:10/eucl_distances.csv
 - all: 
Complete log: .snakemake/log/2025-04-14T131012.192533.snakemake.log
