Building DAG of jobs...
Using shell: /bin/bash
Provided cores: 4
Rules claiming more threads will be scaled down.
Job stats:
job                     count
--------------------  -------
all                         1
foldseek_convertalis        1
foldseek_createDB           1
foldseek_search             1
run_python_script           1
total                       5

Select jobs to execute...

[Mon Jan 13 14:16:23 2025]
rule foldseek_createDB:
    input: /home/administrator/phd/caudoviricetes_structural_taxonomy/test_phages/77_test_phages/all_test_phages
    output: /home/administrator/phd/PhagePleats_out_13:01:25/foldseek_out/queryDB
    jobid: 2
    reason: Missing output files: /home/administrator/phd/PhagePleats_out_13:01:25/foldseek_out/queryDB; Updated input files: /home/administrator/phd/caudoviricetes_structural_taxonomy/test_phages/77_test_phages/all_test_phages
    resources: tmpdir=/tmp

[Mon Jan 13 14:16:33 2025]
Finished job 2.
1 of 5 steps (20%) done
Select jobs to execute...

[Mon Jan 13 14:16:33 2025]
rule foldseek_search:
    input: data/targetDB, /home/administrator/phd/PhagePleats_out_13:01:25/foldseek_out/queryDB
    output: aln.dbtype, /home/administrator/phd/PhagePleats_out_13:01:25/log/foldseek_log.txt
    jobid: 1
    reason: Missing output files: /home/administrator/phd/PhagePleats_out_13:01:25/log/foldseek_log.txt; Input files updated by another job: /home/administrator/phd/PhagePleats_out_13:01:25/foldseek_out/queryDB
    resources: tmpdir=/tmp


[Mon Jan 13 14:16:33 2025]
rule foldseek_convertalis:
    input: data/targetDB, /home/administrator/phd/PhagePleats_out_13:01:25/foldseek_out/queryDB
    output: /home/administrator/phd/PhagePleats_out_13:01:25/foldseek_out/search_result.tsv
    jobid: 3
    reason: Missing output files: /home/administrator/phd/PhagePleats_out_13:01:25/foldseek_out/search_result.tsv; Input files updated by another job: /home/administrator/phd/PhagePleats_out_13:01:25/foldseek_out/queryDB
    resources: tmpdir=/tmp

[Mon Jan 13 14:16:33 2025]
Error in rule foldseek_convertalis:
    jobid: 3
    input: data/targetDB, /home/administrator/phd/PhagePleats_out_13:01:25/foldseek_out/queryDB
    output: /home/administrator/phd/PhagePleats_out_13:01:25/foldseek_out/search_result.tsv
    shell:
        
        foldseek convertalis /home/administrator/phd/PhagePleats_out_13:01:25/foldseek_out/queryDB data/targetDB aln /home/administrator/phd/PhagePleats_out_13:01:25/foldseek_out/search_result.tsv
        
        (one of the commands exited with non-zero exit code; note that snakemake uses bash strict mode!)

[Mon Jan 13 14:23:41 2025]
Finished job 1.
2 of 5 steps (40%) done
Shutting down, this might take some time.
Exiting because a job execution failed. Look above for error message
Complete log: .snakemake/log/2025-01-13T141623.803519.snakemake.log
