Building DAG of jobs...
Using shell: /bin/bash
Provided cores: 4
Rules claiming more threads will be scaled down.
Job stats:
job                     count
--------------------  -------
all                         1
foldseek_convertalis        1
foldseek_createDB           1
foldseek_search             1
run_python_script           1
total                       5

Select jobs to execute...

[Mon Apr 14 13:20:06 2025]
rule foldseek_createDB:
    input: /home/administrator/phd/77_test_phages/fabian_phages/pdbs
    output: /home/administrator/phd/PhagePleats_out_14:04:25_13:20/foldseek_out/queryDB
    jobid: 2
    reason: Missing output files: /home/administrator/phd/PhagePleats_out_14:04:25_13:20/foldseek_out/queryDB
    resources: tmpdir=/tmp

[Mon Apr 14 13:20:08 2025]
Finished job 2.
1 of 5 steps (20%) done
Select jobs to execute...

[Mon Apr 14 13:20:08 2025]
checkpoint foldseek_search:
    input: /home/administrator/phd/PhagePleats_out_14:04:25_13:20/foldseek_out/queryDB, data/targetDB
    output: alignments, /home/administrator/phd/PhagePleats_out_14:04:25_13:20/log/foldseek_log.txt
    jobid: 1
    reason: Missing output files: /home/administrator/phd/PhagePleats_out_14:04:25_13:20/log/foldseek_log.txt, alignments; Input files updated by another job: /home/administrator/phd/PhagePleats_out_14:04:25_13:20/foldseek_out/queryDB
    resources: tmpdir=/tmp
DAG of jobs will be updated after completion.

Warning: the following output files of rule foldseek_search were not present when the DAG was created:
{'/home/administrator/phd/PhagePleats_out_14:04:25_13:20/log/foldseek_log.txt'}
[Mon Apr 14 13:20:08 2025]
Error in rule foldseek_search:
    jobid: 1
    input: /home/administrator/phd/PhagePleats_out_14:04:25_13:20/foldseek_out/queryDB, data/targetDB
    output: alignments, /home/administrator/phd/PhagePleats_out_14:04:25_13:20/log/foldseek_log.txt
    shell:
        
        mkdir -p alignments /home/administrator/phd/PhagePleats_out_14:04:25_13:20/log/foldseek_log.txt
        foldseek search /home/administrator/phd/PhagePleats_out_14:04:25_13:20/foldseek_out/queryDB data/targetDB alignments /home/administrator/phd/PhagePleats_out_14:04:25_13:20/log/foldseek_log.txt/aln tmpFolder             -c 0.4 --cov-mode 5 --tmscore-threshold 0.3 --max-seqs 5             --exhaustive-search 1 -e 0.001 | tee -a /home/administrator/phd/PhagePleats_out_14:04:25_13:20/log/foldseek_log.txt
        
        (one of the commands exited with non-zero exit code; note that snakemake uses bash strict mode!)

Removing output files of failed job foldseek_search since they might be corrupted:
alignments, /home/administrator/phd/PhagePleats_out_14:04:25_13:20/log/foldseek_log.txt
Shutting down, this might take some time.
Exiting because a job execution failed. Look above for error message
Complete log: .snakemake/log/2025-04-14T132006.091804.snakemake.log
