Building DAG of jobs...
Using shell: /bin/bash
Provided cores: 4
Rules claiming more threads will be scaled down.
Job stats:
job                     count
--------------------  -------
all                         1
foldseek_convertalis        1
foldseek_createDB           1
foldseek_search             1
run_python_script           1
total                       5

Select jobs to execute...

[Wed Apr 16 11:01:30 2025]
rule foldseek_createDB:
    input: test_data/pdbs
    output: /home/administrator/phd/PhagePleats_out_16:04:25_11:01/foldseek_out/queryDB
    log: /home/administrator/phd/PhagePleats_out_16:04:25_11:01/log/foldseek_createDB.log
    jobid: 2
    reason: Missing output files: /home/administrator/phd/PhagePleats_out_16:04:25_11:01/foldseek_out/queryDB
    resources: tmpdir=/tmp

[Wed Apr 16 11:01:30 2025]
Finished job 2.
1 of 5 steps (20%) done
Select jobs to execute...

[Wed Apr 16 11:01:30 2025]
checkpoint foldseek_search:
    input: /home/administrator/phd/PhagePleats_out_16:04:25_11:01/foldseek_out/queryDB, data/targetDB
    output: /home/administrator/phd/PhagePleats_out_16:04:25_11:01/alignments
    log: /home/administrator/phd/PhagePleats_out_16:04:25_11:01/log/foldseek_search.log
    jobid: 3
    reason: Missing output files: /home/administrator/phd/PhagePleats_out_16:04:25_11:01/alignments; Input files updated by another job: /home/administrator/phd/PhagePleats_out_16:04:25_11:01/foldseek_out/queryDB
    resources: tmpdir=/tmp
DAG of jobs will be updated after completion.

[Wed Apr 16 11:01:36 2025]
Finished job 3.
2 of 5 steps (40%) done
Select jobs to execute...

[Wed Apr 16 11:01:36 2025]
rule foldseek_convertalis:
    input: /home/administrator/phd/PhagePleats_out_16:04:25_11:01/foldseek_out/queryDB, data/targetDB, /home/administrator/phd/PhagePleats_out_16:04:25_11:01/alignments/aln.9, /home/administrator/phd/PhagePleats_out_16:04:25_11:01/alignments/aln.3, /home/administrator/phd/PhagePleats_out_16:04:25_11:01/alignments/aln.7, /home/administrator/phd/PhagePleats_out_16:04:25_11:01/alignments/aln.14, /home/administrator/phd/PhagePleats_out_16:04:25_11:01/alignments/aln.8, /home/administrator/phd/PhagePleats_out_16:04:25_11:01/alignments/aln.2, /home/administrator/phd/PhagePleats_out_16:04:25_11:01/alignments/aln.19, /home/administrator/phd/PhagePleats_out_16:04:25_11:01/alignments/aln.17, /home/administrator/phd/PhagePleats_out_16:04:25_11:01/alignments/aln.11, /home/administrator/phd/PhagePleats_out_16:04:25_11:01/alignments/aln.23, /home/administrator/phd/PhagePleats_out_16:04:25_11:01/alignments/aln.20, /home/administrator/phd/PhagePleats_out_16:04:25_11:01/alignments/aln.10, /home/administrator/phd/PhagePleats_out_16:04:25_11:01/alignments/aln.22, /home/administrator/phd/PhagePleats_out_16:04:25_11:01/alignments/aln.4, /home/administrator/phd/PhagePleats_out_16:04:25_11:01/alignments/aln.index, /home/administrator/phd/PhagePleats_out_16:04:25_11:01/alignments/aln.1, /home/administrator/phd/PhagePleats_out_16:04:25_11:01/alignments/aln.5, /home/administrator/phd/PhagePleats_out_16:04:25_11:01/alignments/aln.16, /home/administrator/phd/PhagePleats_out_16:04:25_11:01/alignments/aln.13, /home/administrator/phd/PhagePleats_out_16:04:25_11:01/alignments/aln.dbtype, /home/administrator/phd/PhagePleats_out_16:04:25_11:01/alignments/aln.0, /home/administrator/phd/PhagePleats_out_16:04:25_11:01/alignments/aln.18, /home/administrator/phd/PhagePleats_out_16:04:25_11:01/alignments/aln.12, /home/administrator/phd/PhagePleats_out_16:04:25_11:01/alignments/aln.21, /home/administrator/phd/PhagePleats_out_16:04:25_11:01/alignments/aln.6, /home/administrator/phd/PhagePleats_out_16:04:25_11:01/alignments/aln.15
    output: /home/administrator/phd/PhagePleats_out_16:04:25_11:01/foldseek_out/search_result.tsv
    log: /home/administrator/phd/PhagePleats_out_16:04:25_11:01/log/foldseek_convertalis.log
    jobid: 1
    reason: Missing output files: /home/administrator/phd/PhagePleats_out_16:04:25_11:01/foldseek_out/search_result.tsv
    resources: tmpdir=/tmp

[Wed Apr 16 11:01:37 2025]
Finished job 1.
3 of 5 steps (60%) done
Select jobs to execute...

[Wed Apr 16 11:01:37 2025]
rule run_python_script:
    input: /home/administrator/phd/PhagePleats_out_16:04:25_11:01/foldseek_out/search_result.tsv, test_data/metadata/genome_protein_mapping.csv, data/presence_absence.csv.gz, data/models, data/taxonomy.csv, data/intra_rank_relatedness.csv, /home/administrator/phd/PhagePleats_out_16:04:25_11:01
    output: /home/administrator/phd/PhagePleats_out_16:04:25_11:01/taxa_predictions.csv, /home/administrator/phd/PhagePleats_out_16:04:25_11:01/novel_taxa_summary.csv
    jobid: 4
    reason: Missing output files: /home/administrator/phd/PhagePleats_out_16:04:25_11:01/novel_taxa_summary.csv, /home/administrator/phd/PhagePleats_out_16:04:25_11:01/taxa_predictions.csv; Input files updated by another job: /home/administrator/phd/PhagePleats_out_16:04:25_11:01/foldseek_out/search_result.tsv
    resources: tmpdir=/tmp

[Wed Apr 16 11:03:55 2025]
Finished job 4.
4 of 5 steps (80%) done
Select jobs to execute...

[Wed Apr 16 11:03:55 2025]
localrule all:
    input: /home/administrator/phd/PhagePleats_out_16:04:25_11:01/foldseek_out/search_result.tsv, /home/administrator/phd/PhagePleats_out_16:04:25_11:01/taxa_predictions.csv, /home/administrator/phd/PhagePleats_out_16:04:25_11:01/novel_taxa_summary.csv
    jobid: 0
    reason: Input files updated by another job: /home/administrator/phd/PhagePleats_out_16:04:25_11:01/novel_taxa_summary.csv, /home/administrator/phd/PhagePleats_out_16:04:25_11:01/taxa_predictions.csv, /home/administrator/phd/PhagePleats_out_16:04:25_11:01/foldseek_out/search_result.tsv
    resources: tmpdir=/tmp

[Wed Apr 16 11:03:55 2025]
Finished job 0.
5 of 5 steps (100%) done
Complete log: .snakemake/log/2025-04-16T110129.972358.snakemake.log
