Building DAG of jobs...
Using shell: /bin/bash
Provided cores: 4
Rules claiming more threads will be scaled down.
Job stats:
job                     count
--------------------  -------
all                         1
foldseek_convertalis        1
foldseek_createDB           1
foldseek_search             1
run_python_script           1
total                       5

Select jobs to execute...

[Tue Apr  8 10:27:51 2025]
rule foldseek_createDB:
    input: /home/administrator/phd/crAss_DB/folds
    output: /home/administrator/phd/PhagePleats_out_08:04:25/foldseek_out/queryDB
    jobid: 2
    reason: Missing output files: /home/administrator/phd/PhagePleats_out_08:04:25/foldseek_out/queryDB
    resources: tmpdir=/tmp

[Tue Apr  8 10:29:39 2025]
Finished job 2.
1 of 5 steps (20%) done
Select jobs to execute...

[Tue Apr  8 10:29:39 2025]
rule foldseek_search:
    input: data/targetDB, /home/administrator/phd/PhagePleats_out_08:04:25/foldseek_out/queryDB
    output: aln.dbtype, /home/administrator/phd/PhagePleats_out_08:04:25/log/foldseek_log.txt
    jobid: 1
    reason: Missing output files: /home/administrator/phd/PhagePleats_out_08:04:25/log/foldseek_log.txt; Input files updated by another job: /home/administrator/phd/PhagePleats_out_08:04:25/foldseek_out/queryDB; Set of input files has changed since last execution
    resources: tmpdir=/tmp


[Tue Apr  8 10:29:39 2025]
rule foldseek_convertalis:
    input: data/targetDB, /home/administrator/phd/PhagePleats_out_08:04:25/foldseek_out/queryDB
    output: /home/administrator/phd/PhagePleats_out_08:04:25/foldseek_out/search_result.tsv
    jobid: 3
    reason: Missing output files: /home/administrator/phd/PhagePleats_out_08:04:25/foldseek_out/search_result.tsv; Input files updated by another job: /home/administrator/phd/PhagePleats_out_08:04:25/foldseek_out/queryDB
    resources: tmpdir=/tmp

[Tue Apr  8 10:29:39 2025]
Error in rule foldseek_convertalis:
    jobid: 3
    input: data/targetDB, /home/administrator/phd/PhagePleats_out_08:04:25/foldseek_out/queryDB
    output: /home/administrator/phd/PhagePleats_out_08:04:25/foldseek_out/search_result.tsv
    shell:
        
        foldseek convertalis /home/administrator/phd/PhagePleats_out_08:04:25/foldseek_out/queryDB data/targetDB alignments/aln /home/administrator/phd/PhagePleats_out_08:04:25/foldseek_out/search_result.tsv
        
        (one of the commands exited with non-zero exit code; note that snakemake uses bash strict mode!)

Terminating processes on user request, this might take some time.
[Tue Apr  8 10:29:48 2025]
Error in rule foldseek_search:
    jobid: 1
    input: data/targetDB, /home/administrator/phd/PhagePleats_out_08:04:25/foldseek_out/queryDB
    output: aln.dbtype, /home/administrator/phd/PhagePleats_out_08:04:25/log/foldseek_log.txt
    shell:
        
        foldseek search /home/administrator/phd/PhagePleats_out_08:04:25/foldseek_out/queryDB data/targetDB aln tmpFolder -c 0.4 --cov-mode 5 --tmscore-threshold 0.3 --max-seqs 5 --exhaustive-search 1 -e 0.001 | tee /home/administrator/phd/PhagePleats_out_08:04:25/log/foldseek_log.txt
        
        (one of the commands exited with non-zero exit code; note that snakemake uses bash strict mode!)

Complete log: .snakemake/log/2025-04-08T102751.409440.snakemake.log
