Building DAG of jobs...
Using shell: /bin/bash
Provided cores: 4
Rules claiming more threads will be scaled down.
Job stats:
job                     count
--------------------  -------
all                         1
foldseek_convertalis        1
foldseek_createDB           1
foldseek_search             1
run_python_script           1
total                       5

Select jobs to execute...

[Wed Apr 16 11:19:01 2025]
rule foldseek_createDB:
    input: test_data/pdbs
    output: /home/administrator/phd/PhagePleats_out_16:04:25_11:19/foldseek_out/queryDB
    log: /home/administrator/phd/PhagePleats_out_16:04:25_11:19/log/foldseek_createDB.log
    jobid: 2
    reason: Missing output files: /home/administrator/phd/PhagePleats_out_16:04:25_11:19/foldseek_out/queryDB
    resources: tmpdir=/tmp

[Wed Apr 16 11:19:01 2025]
Finished job 2.
1 of 5 steps (20%) done
Select jobs to execute...

[Wed Apr 16 11:19:01 2025]
checkpoint foldseek_search:
    input: /home/administrator/phd/PhagePleats_out_16:04:25_11:19/foldseek_out/queryDB, data/targetDB
    output: /home/administrator/phd/PhagePleats_out_16:04:25_11:19/alignments
    log: /home/administrator/phd/PhagePleats_out_16:04:25_11:19/log/foldseek_search.log
    jobid: 3
    reason: Missing output files: /home/administrator/phd/PhagePleats_out_16:04:25_11:19/alignments; Input files updated by another job: /home/administrator/phd/PhagePleats_out_16:04:25_11:19/foldseek_out/queryDB
    resources: tmpdir=/tmp
DAG of jobs will be updated after completion.

[Wed Apr 16 11:19:07 2025]
Finished job 3.
2 of 5 steps (40%) done
Select jobs to execute...

[Wed Apr 16 11:19:07 2025]
rule foldseek_convertalis:
    input: /home/administrator/phd/PhagePleats_out_16:04:25_11:19/foldseek_out/queryDB, data/targetDB, /home/administrator/phd/PhagePleats_out_16:04:25_11:19/alignments/aln.9, /home/administrator/phd/PhagePleats_out_16:04:25_11:19/alignments/aln.3, /home/administrator/phd/PhagePleats_out_16:04:25_11:19/alignments/aln.7, /home/administrator/phd/PhagePleats_out_16:04:25_11:19/alignments/aln.14, /home/administrator/phd/PhagePleats_out_16:04:25_11:19/alignments/aln.8, /home/administrator/phd/PhagePleats_out_16:04:25_11:19/alignments/aln.2, /home/administrator/phd/PhagePleats_out_16:04:25_11:19/alignments/aln.19, /home/administrator/phd/PhagePleats_out_16:04:25_11:19/alignments/aln.17, /home/administrator/phd/PhagePleats_out_16:04:25_11:19/alignments/aln.11, /home/administrator/phd/PhagePleats_out_16:04:25_11:19/alignments/aln.23, /home/administrator/phd/PhagePleats_out_16:04:25_11:19/alignments/aln.20, /home/administrator/phd/PhagePleats_out_16:04:25_11:19/alignments/aln.10, /home/administrator/phd/PhagePleats_out_16:04:25_11:19/alignments/aln.22, /home/administrator/phd/PhagePleats_out_16:04:25_11:19/alignments/aln.4, /home/administrator/phd/PhagePleats_out_16:04:25_11:19/alignments/aln.index, /home/administrator/phd/PhagePleats_out_16:04:25_11:19/alignments/aln.1, /home/administrator/phd/PhagePleats_out_16:04:25_11:19/alignments/aln.5, /home/administrator/phd/PhagePleats_out_16:04:25_11:19/alignments/aln.16, /home/administrator/phd/PhagePleats_out_16:04:25_11:19/alignments/aln.13, /home/administrator/phd/PhagePleats_out_16:04:25_11:19/alignments/aln.dbtype, /home/administrator/phd/PhagePleats_out_16:04:25_11:19/alignments/aln.0, /home/administrator/phd/PhagePleats_out_16:04:25_11:19/alignments/aln.18, /home/administrator/phd/PhagePleats_out_16:04:25_11:19/alignments/aln.12, /home/administrator/phd/PhagePleats_out_16:04:25_11:19/alignments/aln.21, /home/administrator/phd/PhagePleats_out_16:04:25_11:19/alignments/aln.6, /home/administrator/phd/PhagePleats_out_16:04:25_11:19/alignments/aln.15
    output: /home/administrator/phd/PhagePleats_out_16:04:25_11:19/foldseek_out/search_result.tsv
    log: /home/administrator/phd/PhagePleats_out_16:04:25_11:19/log/foldseek_convertalis.log
    jobid: 1
    reason: Missing output files: /home/administrator/phd/PhagePleats_out_16:04:25_11:19/foldseek_out/search_result.tsv
    resources: tmpdir=/tmp

[Wed Apr 16 11:19:07 2025]
Finished job 1.
3 of 5 steps (60%) done
Select jobs to execute...

[Wed Apr 16 11:19:07 2025]
rule run_python_script:
    input: /home/administrator/phd/PhagePleats_out_16:04:25_11:19/foldseek_out/search_result.tsv, test_data/metadata/genome_protein_mapping.csv, data/presence_absence.csv.gz, data/models, data/taxonomy.csv, data/intra_rank_relatedness.csv, /home/administrator/phd/PhagePleats_out_16:04:25_11:19
    output: /home/administrator/phd/PhagePleats_out_16:04:25_11:19/taxa_predictions.csv, /home/administrator/phd/PhagePleats_out_16:04:25_11:19/novel_taxa_summary.csv
    jobid: 4
    reason: Missing output files: /home/administrator/phd/PhagePleats_out_16:04:25_11:19/novel_taxa_summary.csv, /home/administrator/phd/PhagePleats_out_16:04:25_11:19/taxa_predictions.csv; Input files updated by another job: /home/administrator/phd/PhagePleats_out_16:04:25_11:19/foldseek_out/search_result.tsv
    resources: tmpdir=/tmp

[Wed Apr 16 11:21:27 2025]
Error in rule run_python_script:
    jobid: 4
    input: /home/administrator/phd/PhagePleats_out_16:04:25_11:19/foldseek_out/search_result.tsv, test_data/metadata/genome_protein_mapping.csv, data/presence_absence.csv.gz, data/models, data/taxonomy.csv, data/intra_rank_relatedness.csv, /home/administrator/phd/PhagePleats_out_16:04:25_11:19
    output: /home/administrator/phd/PhagePleats_out_16:04:25_11:19/taxa_predictions.csv, /home/administrator/phd/PhagePleats_out_16:04:25_11:19/novel_taxa_summary.csv

RuleException:
CalledProcessError in file /home/administrator/phd/PhagePleats/Snakefile, line 112:
Command 'mkdir -p /home/administrator/phd/PhagePleats_out_16:04:25_11:19 &&  /home/administrator/programs/miniforge3/envs/phagepleats/bin/python3.10 /home/administrator/phd/PhagePleats/.snakemake/scripts/tmplleak7d_.phagepleats.py' returned non-zero exit status 1.
  File "/home/administrator/phd/PhagePleats/Snakefile", line 112, in __rule_run_python_script
  File "/home/administrator/programs/miniforge3/envs/phagepleats/lib/python3.10/concurrent/futures/thread.py", line 58, in run
Removing output files of failed job run_python_script since they might be corrupted:
/home/administrator/phd/PhagePleats_out_16:04:25_11:19/taxa_predictions.csv
Shutting down, this might take some time.
Exiting because a job execution failed. Look above for error message
Complete log: .snakemake/log/2025-04-16T111900.708815.snakemake.log
