Building DAG of jobs...
Using shell: /bin/bash
Provided cores: 4
Rules claiming more threads will be scaled down.
Job stats:
job                     count
--------------------  -------
all                         1
foldseek_convertalis        1
foldseek_createDB           1
foldseek_search             1
run_python_script           1
total                       5

Select jobs to execute...

[Wed Apr 16 15:57:16 2025]
rule foldseek_createDB:
    input: /home/administrator/phd/77_test_phages/fabian_phages/pdbs
    output: /home/administrator/phd/PhagePleats_out_16:04:25_15:57/foldseek_out/queryDB
    log: /home/administrator/phd/PhagePleats_out_16:04:25_15:57/log/foldseek_createDB.log
    jobid: 2
    reason: Missing output files: /home/administrator/phd/PhagePleats_out_16:04:25_15:57/foldseek_out/queryDB
    resources: tmpdir=/tmp

[Wed Apr 16 15:57:18 2025]
Finished job 2.
1 of 5 steps (20%) done
Select jobs to execute...

[Wed Apr 16 15:57:18 2025]
checkpoint foldseek_search:
    input: /home/administrator/phd/PhagePleats_out_16:04:25_15:57/foldseek_out/queryDB, data/targetDB
    output: /home/administrator/phd/PhagePleats_out_16:04:25_15:57/alignments
    log: /home/administrator/phd/PhagePleats_out_16:04:25_15:57/log/foldseek_search.log
    jobid: 3
    reason: Missing output files: /home/administrator/phd/PhagePleats_out_16:04:25_15:57/alignments; Input files updated by another job: /home/administrator/phd/PhagePleats_out_16:04:25_15:57/foldseek_out/queryDB
    resources: tmpdir=/tmp
DAG of jobs will be updated after completion.

Terminating processes on user request, this might take some time.
[Wed Apr 16 15:58:41 2025]
Error in rule foldseek_search:
    jobid: 3
    input: /home/administrator/phd/PhagePleats_out_16:04:25_15:57/foldseek_out/queryDB, data/targetDB
    output: /home/administrator/phd/PhagePleats_out_16:04:25_15:57/alignments
    log: /home/administrator/phd/PhagePleats_out_16:04:25_15:57/log/foldseek_search.log (check log file(s) for error details)
    shell:
        
        mkdir -p /home/administrator/phd/PhagePleats_out_16:04:25_15:57/alignments
        foldseek search /home/administrator/phd/PhagePleats_out_16:04:25_15:57/foldseek_out/queryDB data/targetDB /home/administrator/phd/PhagePleats_out_16:04:25_15:57/alignments/aln /home/administrator/phd/PhagePleats_out_16:04:25_15:57/alignments/tmpFolder             -c 0.4 --cov-mode 5 --tmscore-threshold 0.3 --max-seqs 5             --exhaustive-search 1 -e 0.001 | tee -a /home/administrator/phd/PhagePleats_out_16:04:25_15:57/log/foldseek_search.log
        
        (one of the commands exited with non-zero exit code; note that snakemake uses bash strict mode!)

Complete log: .snakemake/log/2025-04-16T155715.795575.snakemake.log
